<?xml version="1.0" encoding="UTF-8"?>
<testng-results skipped="0" failed="0" total="1" passed="1">
  <reporter-output>
  </reporter-output>
  <suite name="RepeatedTestCaseSuite" duration-ms="8784" started-at="2017-04-16T03:46:20Z" finished-at="2017-04-16T03:46:29Z">
    <groups>
    </groups>
    <test name="TestSuite1" duration-ms="8784" started-at="2017-04-16T03:46:20Z" finished-at="2017-04-16T03:46:29Z">
      <class name="TestNG.LearnTestNG3">
        <test-method status="PASS" signature="method1(java.lang.String)[pri:0, instance:TestNG.LearnTestNG3@fbd816]" name="method1" duration-ms="8760" started-at="2017-04-16T09:16:20Z" finished-at="2017-04-16T09:16:29Z">
          <params>
            <param index="0">
              <value>
                <![CDATA[http://leaftaps.com]]>
              </value>
            </param>
          </params>
          <reporter-output>
          </reporter-output>
        </test-method> <!-- method1 -->
      </class> <!-- TestNG.LearnTestNG3 -->
    </test> <!-- TestSuite1 -->
  </suite> <!-- RepeatedTestCaseSuite -->
</testng-results>
