<?xml version="1.0" encoding="UTF-8"?>
<testng-results skipped="0" failed="0" ignored="0" total="2" passed="2">
  <reporter-output>
  </reporter-output>
  <suite name="Suite" duration-ms="244529" started-at="2017-04-23T16:24:37Z" finished-at="2017-04-23T16:28:41Z">
    <groups>
    </groups>
    <test name="ChromeTest" duration-ms="56910" started-at="2017-04-23T16:24:37Z" finished-at="2017-04-23T16:25:34Z">
      <class name="day5.MultiBrowser">
        <test-method status="PASS" signature="invokeBrowser(java.lang.String)[pri:0, instance:day5.MultiBrowser@d2dae5]" name="invokeBrowser" is-config="true" duration-ms="5454" started-at="2017-04-23T21:54:37Z" finished-at="2017-04-23T21:54:42Z">
          <params>
            <param index="0">
              <value>
                <![CDATA[chrome]]>
              </value>
            </param>
          </params>
          <reporter-output>
          </reporter-output>
        </test-method> <!-- invokeBrowser -->
        <test-method status="PASS" signature="demoMethod()[pri:0, instance:day5.MultiBrowser@d2dae5]" name="demoMethod" duration-ms="51416" started-at="2017-04-23T21:54:42Z" finished-at="2017-04-23T21:55:34Z">
          <reporter-output>
          </reporter-output>
        </test-method> <!-- demoMethod -->
      </class> <!-- day5.MultiBrowser -->
    </test> <!-- ChromeTest -->
    <test name="FirefoxTest" duration-ms="244529" started-at="2017-04-23T16:24:37Z" finished-at="2017-04-23T16:28:41Z">
      <class name="day5.MultiBrowser">
        <test-method status="PASS" signature="invokeBrowser(java.lang.String)[pri:0, instance:day5.MultiBrowser@11276c2]" name="invokeBrowser" is-config="true" duration-ms="16085" started-at="2017-04-23T21:54:37Z" finished-at="2017-04-23T21:54:53Z">
          <params>
            <param index="0">
              <value>
                <![CDATA[firefox]]>
              </value>
            </param>
          </params>
          <reporter-output>
          </reporter-output>
        </test-method> <!-- invokeBrowser -->
        <test-method status="PASS" signature="demoMethod()[pri:0, instance:day5.MultiBrowser@11276c2]" name="demoMethod" duration-ms="228425" started-at="2017-04-23T21:54:53Z" finished-at="2017-04-23T21:58:41Z">
          <reporter-output>
          </reporter-output>
        </test-method> <!-- demoMethod -->
      </class> <!-- day5.MultiBrowser -->
    </test> <!-- FirefoxTest -->
  </suite> <!-- Suite -->
</testng-results>
