<?xml version="1.0" encoding="UTF-8"?>
<!-- Generated by org.testng.reporters.JUnitXMLReporter -->
<testsuite hostname="GOD-PC-PC" ignored="0" name="Test" tests="5" failures="0" timestamp="23 Apr 2017 16:03:47 GMT" time="0.104" errors="0">
  <testcase name="@BeforeSuite invokeBrowser" time="0.0" classname="day5.MultiBrowser">
    <failure type="org.testng.TestNGException" message="
Can inject only one of &amp;lt;ITestContext, XmlTest&amp;gt; into a BeforeSuite annotated invokeBrowser.
For more information on native dependency injection please refer to http://testng.org/doc/documentation-main.html#native-dependency-injection">
      <![CDATA[org.testng.TestNGException: 
Can inject only one of <ITestContext, XmlTest> into a BeforeSuite annotated invokeBrowser.
For more information on native dependency injection please refer to http://testng.org/doc/documentation-main.html#native-dependency-injection
... Removed 17 stack frames]]>
    </failure>
  </testcase> <!-- @BeforeSuite invokeBrowser -->
  <testcase name="demoMethod" time="0.001" classname="day5.MultiBrowser">
    <skipped/>
  </testcase> <!-- demoMethod -->
  <testcase name="invokeBrowser" time="0.0" classname="day5.MultiBrowser">
    <skipped/>
  </testcase> <!-- invokeBrowser -->
  <testcase name="invokeBrowser" time="0.0" classname="day5.MultiBrowser">
    <skipped/>
  </testcase> <!-- invokeBrowser -->
  <testcase name="invokeBrowser" time="0.0" classname="day5.MultiBrowser">
    <skipped/>
  </testcase> <!-- invokeBrowser -->
  <testcase name="invokeBrowser" time="0.0" classname="day5.MultiBrowser">
    <skipped/>
  </testcase> <!-- invokeBrowser -->
</testsuite> <!-- Test -->
