<?xml version="1.0" encoding="UTF-8"?>
<!-- Generated by org.testng.reporters.JUnitXMLReporter -->
<testsuite hostname="GOD-PC-PC" ignored="5" name="TestSuite1(failed)" tests="1" failures="0" timestamp="01 Mar 2017 11:53:39 GMT" time="38.763" errors="0">
  <testcase name="methodF" time="38.539" classname="day5.Test"/>
  <testcase name="methodE" time="0.0" classname="day5.Test">
    <ignored/>
  </testcase> <!-- methodE -->
  <testcase name="methodD" time="0.0" classname="day5.Test">
    <ignored/>
  </testcase> <!-- methodD -->
  <testcase name="methodC" time="0.0" classname="day5.Test">
    <ignored/>
  </testcase> <!-- methodC -->
  <testcase name="methodB" time="0.0" classname="day5.Test">
    <ignored/>
  </testcase> <!-- methodB -->
  <testcase name="methodA" time="0.0" classname="day5.Test">
    <ignored/>
  </testcase> <!-- methodA -->
</testsuite> <!-- TestSuite1(failed) -->
