<?xml version="1.0" encoding="UTF-8"?>
<!-- Generated by org.testng.reporters.JUnitXMLReporter -->
<testsuite hostname="GOD-PC-PC" ignored="3" name="TestSuite1" tests="3" failures="0" timestamp="04 Mar 2017 02:55:31 GMT" time="26.9" errors="0">
  <testcase name="methodD" time="26.512" classname="day5.Test"/>
  <testcase name="methodE" time="26.764" classname="day5.Test"/>
  <testcase name="methodF" time="26.761" classname="day5.Test"/>
  <testcase name="methodC" time="0.0" classname="day5.Test">
    <ignored/>
  </testcase> <!-- methodC -->
  <testcase name="methodB" time="0.0" classname="day5.Test">
    <ignored/>
  </testcase> <!-- methodB -->
  <testcase name="methodA" time="0.0" classname="day5.Test">
    <ignored/>
  </testcase> <!-- methodA -->
</testsuite> <!-- TestSuite1 -->
